	(++) from command line, (!!) notice, Warning: informational,
[    80.236] Warning: The server relies on udev to provide the list of input devices.
[    80.236] Warning: Loader magic: 0x558ac4ad4020
[    80.236] Warning: Module ABI versions:
[    80.237] Warning: systemd-logind: logind integration requires -keeptty and -keeptty was not provided, disabling logind integration
[    80.239] Warning: xfree86: Adding drm device (/dev/dri/card0)
[    80.239] Warning: Platform probe for /sys/devices/pci0000:00/0000:00:02.0/drm/card0
[    80.245] Warning: LoadModule: "glx"
[    80.245] Warning: Loading /usr/lib64/xorg/modules/extensions/libglx.so
[    80.409] Warning: Module glx: vendor="X.Org Foundation"
[    80.409] Warning: LoadModule: "vmware"
[    80.409] Warning: Loading /usr/lib64/xorg/modules/drivers/vmware_drv.so
[    85.631] Warning: Module vmware: vendor="X.Org Foundation"
[    85.631] Warning: LoadModule: "modesetting"
[    85.631] Warning: Loading /usr/lib64/xorg/modules/drivers/modesetting_drv.so
[    85.638] Warning: Module modesetting: vendor="X.Org Foundation"
[    85.638] Warning: LoadModule: "fbdev"
[    85.639] Warning: Loading /usr/lib64/xorg/modules/drivers/fbdev_drv.so
[    85.639] Warning: Module fbdev: vendor="X.Org Foundation"
[    85.639] Warning: LoadModule: "vesa"
[    85.639] Warning: Loading /usr/lib64/xorg/modules/drivers/vesa_drv.so
[    85.640] Warning: Module vesa: vendor="X.Org Foundation"
[    85.640] Warning: vmware: driver for VMware SVGA: vmware0405, vmware0710
[    85.640] Warning: modesetting: Driver for Modesetting Kernel Drivers: kms
[    85.640] Warning: FBDEV: driver for framebuffer: fbdev
[    85.640] Warning: VESA: driver for VESA chipsets: vesa
[    85.642] Warning: Loading sub module "fbdevhw"
[    85.642] Warning: LoadModule: "fbdevhw"
[    85.642] Warning: Loading /usr/lib64/xorg/modules/libfbdevhw.so
[    85.651] Warning: Module fbdevhw: vendor="X.Org Foundation"
[    85.652] Warning: vmware(0): Creating default Display subsection in Screen section
[    85.652] Warning: vmware(0): Output Virtual1 has no monitor section
[    85.652] Warning: vmware(0): Output Virtual2 has no monitor section
[    85.652] Warning: vmware(0): Output Virtual3 has no monitor section
[    85.652] Warning: vmware(0): Output Virtual4 has no monitor section
[    85.652] Warning: vmware(0): Output Virtual5 has no monitor section
[    85.652] Warning: vmware(0): Output Virtual6 has no monitor section
[    85.652] Warning: vmware(0): Output Virtual7 has no monitor section
[    85.652] Warning: vmware(0): Output Virtual8 has no monitor section
[    85.653] Warning: vmware(0): Printing probed modes for output Virtual1
[    85.653] Warning: vmware(0): Modeline "800x600"x60.0   42.75  800 850 900 950  600 650 700 750 -hsync +vsync (45.0 kHz eP)
[    85.653] Warning: vmware(0): Modeline "2560x1600"x60.0  348.50  2560 2752 3032 3504  1600 1603 1609 1658 -hsync +vsync (99.5 kHz e)
[    85.653] Warning: vmware(0): Modeline "1920x1440"x60.0  234.00  1920 2048 2256 2600  1440 1441 1444 1500 -hsync +vsync (90.0 kHz e)
[    85.653] Warning: vmware(0): Modeline "1856x1392"x60.0  218.25  1856 1952 2176 2528  1392 1393 1396 1439 -hsync +vsync (86.3 kHz e)
[    85.653] Warning: vmware(0): Modeline "1792x1344"x60.0  204.75  1792 1920 2120 2448  1344 1345 1348 1394 -hsync +vsync (83.6 kHz e)
[    85.653] Warning: vmware(0): Modeline "1920x1200"x59.9  193.25  1920 2056 2256 2592  1200 1203 1209 1245 -hsync +vsync (74.6 kHz e)
[    85.653] Warning: vmware(0): Modeline "1600x1200"x60.0  162.00  1600 1664 1856 2160  1200 1201 1204 1250 +hsync +vsync (75.0 kHz e)
[    85.653] Warning: vmware(0): Modeline "1680x1050"x60.0  146.25  1680 1784 1960 2240  1050 1053 1059 1089 -hsync +vsync (65.3 kHz e)
[    85.653] Warning: vmware(0): Modeline "1400x1050"x60.0  121.75  1400 1488 1632 1864  1050 1053 1057 1089 -hsync +vsync (65.3 kHz e)
[    85.653] Warning: vmware(0): Modeline "1280x1024"x60.0  108.00  1280 1328 1440 1688  1024 1025 1028 1066 +hsync +vsync (64.0 kHz e)
[    85.653] Warning: vmware(0): Modeline "1440x900"x59.9  106.50  1440 1520 1672 1904  900 903 909 934 -hsync +vsync (55.9 kHz e)
[    85.653] Warning: vmware(0): Modeline "1280x960"x60.0  108.00  1280 1376 1488 1800  960 961 964 1000 +hsync +vsync (60.0 kHz e)
[    85.653] Warning: vmware(0): Modeline "1360x768"x60.0   85.50  1360 1424 1536 1792  768 771 777 795 +hsync +vsync (47.7 kHz e)
[    85.653] Warning: vmware(0): Modeline "1280x800"x59.8   83.50  1280 1352 1480 1680  800 803 809 831 +hsync -vsync (49.7 kHz e)
[    85.653] Warning: vmware(0): Modeline "1152x864"x75.0  108.00  1152 1216 1344 1600  864 865 868 900 +hsync +vsync (67.5 kHz e)
[    85.653] Warning: vmware(0): Modeline "1280x768"x59.9   79.50  1280 1344 1472 1664  768 771 778 798 -hsync +vsync (47.8 kHz e)
[    85.653] Warning: vmware(0): Modeline "1024x768"x60.0   65.00  1024 1048 1184 1344  768 771 777 806 -hsync -vsync (48.4 kHz e)
[    85.653] Warning: vmware(0): Modeline "800x600"x60.3   40.00  800 840 968 1056  600 601 605 628 +hsync +vsync (37.9 kHz e)
[    85.653] Warning: vmware(0): Modeline "640x480"x59.9   25.18  640 656 752 800  480 489 492 525 -hsync -vsync (31.5 kHz e)
[    85.653] Warning: vmware(0): EDID for output Virtual2
[    85.653] Warning: vmware(0): EDID for output Virtual3
[    85.653] Warning: vmware(0): EDID for output Virtual4
[    85.653] Warning: vmware(0): EDID for output Virtual5
[    85.653] Warning: vmware(0): EDID for output Virtual6
[    85.653] Warning: vmware(0): EDID for output Virtual7
[    85.653] Warning: vmware(0): EDID for output Virtual8
[    85.653] Warning: vmware(0): Output Virtual1 connected
[    85.653] Warning: vmware(0): Output Virtual2 disconnected
[    85.653] Warning: vmware(0): Output Virtual3 disconnected
[    85.653] Warning: vmware(0): Output Virtual4 disconnected
[    85.653] Warning: vmware(0): Output Virtual5 disconnected
[    85.653] Warning: vmware(0): Output Virtual6 disconnected
[    85.653] Warning: vmware(0): Output Virtual7 disconnected
[    85.653] Warning: vmware(0): Output Virtual8 disconnected
[    85.653] Warning: vmware(0): Using exact sizes for initial modes
[    85.653] Warning: vmware(0): Output Virtual1 using initial mode 800x600 +0+0
[    85.653] Warning: Loading sub module "fb"
[    85.653] Warning: LoadModule: "fb"
[    85.653] Warning: Loading /usr/lib64/xorg/modules/libfb.so
[    85.673] Warning: Module fb: vendor="X.Org Foundation"
[    85.673] Warning: Loading sub module "dri2"
[    85.673] Warning: LoadModule: "dri2"
[    85.673] Warning: Module "dri2" already built-in
[    85.673] Warning: UnloadModule: "modesetting"
[    85.673] Warning: Unloading modesetting
[    85.673] Warning: UnloadModule: "fbdev"
[    85.673] Warning: Unloading fbdev
[    85.673] Warning: UnloadSubModule: "fbdevhw"
[    85.673] Warning: Unloading fbdevhw
[    85.673] Warning: UnloadModule: "vesa"
[    85.673] Warning: Unloading vesa
[    85.699] Warning: vmware(0): Initialized VMWARE_CTRL extension version 0.2
[    86.235] Warning: vmware(0): No 3D acceleration. Not setting up textured video.
[    86.235] Warning: Initializing extension Generic Event Extension
[    86.235] Warning: Initializing extension SHAPE
[    86.235] Warning: Initializing extension MIT-SHM
[    86.235] Warning: Initializing extension XInputExtension
[    86.235] Warning: Initializing extension XTEST
[    86.235] Warning: Initializing extension BIG-REQUESTS
[    86.235] Warning: Initializing extension SYNC
[    86.235] Warning: Initializing extension XKEYBOARD
[    86.235] Warning: Initializing extension XC-MISC
[    86.235] Warning: Initializing extension SECURITY
[    86.235] Warning: Initializing extension XFIXES
[    86.235] Warning: Initializing extension RENDER
[    86.235] Warning: Initializing extension RANDR
[    86.235] Warning: Initializing extension COMPOSITE
[    86.235] Warning: Initializing extension DAMAGE
[    86.235] Warning: Initializing extension MIT-SCREEN-SAVER
[    86.235] Warning: Initializing extension DOUBLE-BUFFER
[    86.235] Warning: Initializing extension RECORD
[    86.235] Warning: Initializing extension DPMS
[    86.235] Warning: Initializing extension Present
[    86.236] Warning: Initializing extension DRI3
[    86.236] Warning: Initializing extension X-Resource
[    86.236] Warning: Initializing extension XVideo
[    86.236] Warning: Initializing extension XVideo-MotionCompensation
[    86.236] Warning: Initializing extension SELinux
[    86.236] Warning: SELinux: Disabled by boolean
[    86.236] Warning: Initializing extension GLX
[    86.236] Warning: AIGLX: Screen 0 is not DRI2 capable
[    88.706] Warning: IGLX: Loaded and initialized swrast
[    88.706] Warning: GLX: Initialized DRISWRAST GL provider for screen 0
[    88.706] Warning: Initializing extension XFree86-VidModeExtension
[    88.706] Warning: Initializing extension XFree86-DGA
[    88.706] Warning: Initializing extension XFree86-DRI
[    88.707] Warning: Initializing extension DRI2
[    88.710] Warning: vmware(0): Setting screen physical size to 211 x 158
[    89.437] Warning: config/udev: Adding input device Power Button (/dev/input/event0)
[    89.437] Warning: LoadModule: "libinput"
[    89.437] Warning: Loading /usr/lib64/xorg/modules/input/libinput_drv.so
[    89.452] Warning: Module libinput: vendor="X.Org Foundation"
[    89.452] Warning: Using input driver 'libinput' for 'Power Button'
[    89.946] Warning: event0  - Power Button: is tagged by udev as: Keyboard
[    89.946] Warning: event0  - Power Button: device is a keyboard
[    89.946] Warning: event0  - Power Button: device removed
[    89.959] Warning: XINPUT: Adding extended input device "Power Button" (type: KEYBOARD, id 6)
[    89.961] Warning: event0  - Power Button: is tagged by udev as: Keyboard
[    89.961] Warning: event0  - Power Button: device is a keyboard
[    89.962] Warning: config/udev: Adding input device Sleep Button (/dev/input/event1)
[    89.962] Warning: Using input driver 'libinput' for 'Sleep Button'
[    89.964] Warning: event1  - Sleep Button: is tagged by udev as: Keyboard
[    89.964] Warning: event1  - Sleep Button: device is a keyboard
[    89.964] Warning: event1  - Sleep Button: device removed
[    89.976] Warning: XINPUT: Adding extended input device "Sleep Button" (type: KEYBOARD, id 7)
[    89.979] Warning: event1  - Sleep Button: is tagged by udev as: Keyboard
[    89.979] Warning: event1  - Sleep Button: device is a keyboard
[    89.980] Warning: config/udev: Adding input device Video Bus (/dev/input/event5)
[    89.981] Warning: Using input driver 'libinput' for 'Video Bus'
[    89.983] Warning: event5  - Video Bus: is tagged by udev as: Keyboard
[    89.983] Warning: event5  - Video Bus: device is a keyboard
[    89.983] Warning: event5  - Video Bus: device removed
[    90.004] Warning: XINPUT: Adding extended input device "Video Bus" (type: KEYBOARD, id 8)
[    90.006] Warning: event5  - Video Bus: is tagged by udev as: Keyboard
[    90.006] Warning: event5  - Video Bus: device is a keyboard
[    90.009] Warning: config/udev: Adding input device VirtualBox USB Tablet (/dev/input/event4)
[    90.009] Warning: Using input driver 'libinput' for 'VirtualBox USB Tablet'
[    90.063] Warning: event4  - VirtualBox USB Tablet: is tagged by udev as: Mouse
[    90.064] Warning: event4  - VirtualBox USB Tablet: device is a pointer
[    90.064] Warning: event4  - VirtualBox USB Tablet: device removed
[    90.089] Warning: XINPUT: Adding extended input device "VirtualBox USB Tablet" (type: MOUSE, id 9)
[    90.144] Warning: event4  - VirtualBox USB Tablet: is tagged by udev as: Mouse
[    90.144] Warning: event4  - VirtualBox USB Tablet: device is a pointer
[    90.145] Warning: config/udev: Adding input device VirtualBox USB Tablet (/dev/input/js0)
[    90.145] Warning: No input driver specified, ignoring this device.
[    90.145] Warning: This device may have been added with another device file.
[    90.146] Warning: config/udev: Adding input device VirtualBox USB Tablet (/dev/input/mouse1)
[    90.146] Warning: No input driver specified, ignoring this device.
[    90.146] Warning: This device may have been added with another device file.
[    90.147] Warning: config/udev: Adding input device AT Translated Set 2 keyboard (/dev/input/event2)
[    90.147] Warning: Using input driver 'libinput' for 'AT Translated Set 2 keyboard'
[    90.148] Warning: event2  - AT Translated Set 2 keyboard: is tagged by udev as: Keyboard
[    90.148] Warning: event2  - AT Translated Set 2 keyboard: device is a keyboard
[    90.148] Warning: event2  - AT Translated Set 2 keyboard: device removed
[    90.159] Warning: XINPUT: Adding extended input device "AT Translated Set 2 keyboard" (type: KEYBOARD, id 10)
[    90.161] Warning: event2  - AT Translated Set 2 keyboard: is tagged by udev as: Keyboard
[    90.161] Warning: event2  - AT Translated Set 2 keyboard: device is a keyboard
[    90.161] Warning: config/udev: Adding input device ImExPS/2 Generic Explorer Mouse (/dev/input/event3)
[    90.161] Warning: Using input driver 'libinput' for 'ImExPS/2 Generic Explorer Mouse'
[    90.164] Warning: event3  - ImExPS/2 Generic Explorer Mouse: is tagged by udev as: Mouse
[    90.164] Warning: event3  - ImExPS/2 Generic Explorer Mouse: device is a pointer
[    90.164] Warning: event3  - ImExPS/2 Generic Explorer Mouse: device removed
[    90.184] Warning: XINPUT: Adding extended input device "ImExPS/2 Generic Explorer Mouse" (type: MOUSE, id 11)
[    90.186] Warning: event3  - ImExPS/2 Generic Explorer Mouse: is tagged by udev as: Mouse
[    90.186] Warning: event3  - ImExPS/2 Generic Explorer Mouse: device is a pointer
[    90.187] Warning: config/udev: Adding input device ImExPS/2 Generic Explorer Mouse (/dev/input/mouse0)
[    90.187] Warning: No input driver specified, ignoring this device.
[    90.187] Warning: This device may have been added with another device file.
[    90.188] Warning: config/udev: Adding input device PC Speaker (/dev/input/event6)
[    90.188] Warning: No input driver specified, ignoring this device.
[    90.188] Warning: This device may have been added with another device file.
[   829.633] Warning: config/udev: Adding input device VirtualBox USB Tablet (/dev/input/js0)
[   829.633] Warning: No input driver specified, ignoring this device.
[   829.633] Warning: This device may have been added with another device file.
[   829.634] Warning: config/udev: Adding input device VirtualBox USB Tablet (/dev/input/mouse1)
[   829.634] Warning: No input driver specified, ignoring this device.
[   829.634] Warning: This device may have been added with another device file.
[   829.638] Warning: config/udev: Adding input device ImExPS/2 Generic Explorer Mouse (/dev/input/mouse0)
[   829.638] Warning: No input driver specified, ignoring this device.
[   829.638] Warning: This device may have been added with another device file.
[   830.482] Warning: config/udev: removing device Video Bus
[   830.483] Warning: event5  - Video Bus: device removed
[   830.523] Warning: UnloadModule: "libinput"
[   830.524] Warning: config/udev: Adding input device Video Bus (/dev/input/event5)
[   830.524] Warning: Using input driver 'libinput' for 'Video Bus'
[   830.525] Warning: event5  - Video Bus: is tagged by udev as: Keyboard
[   830.538] Warning: event5  - Video Bus: device is a keyboard
[   830.538] Warning: event5  - Video Bus: device removed
[   830.548] Warning: XINPUT: Adding extended input device "Video Bus" (type: KEYBOARD, id 8)
[   830.561] Warning: event5  - Video Bus: is tagged by udev as: Keyboard
[   830.561] Warning: event5  - Video Bus: device is a keyboard
[   830.561] Warning: config/udev: removing device Power Button
[   830.562] Warning: event0  - Power Button: device removed
[   830.568] Warning: UnloadModule: "libinput"
[   830.568] Warning: config/udev: Adding input device Power Button (/dev/input/event0)
[   830.568] Warning: Using input driver 'libinput' for 'Power Button'
[   830.569] Warning: event0  - Power Button: is tagged by udev as: Keyboard
[   830.569] Warning: event0  - Power Button: device is a keyboard
[   830.569] Warning: event0  - Power Button: device removed
[   830.581] Warning: XINPUT: Adding extended input device "Power Button" (type: KEYBOARD, id 6)
[   830.582] Warning: event0  - Power Button: is tagged by udev as: Keyboard
[   830.582] Warning: event0  - Power Button: device is a keyboard
[   830.586] Warning: config/udev: removing device Sleep Button
[   830.586] Warning: event1  - Sleep Button: device removed
[   830.595] Warning: UnloadModule: "libinput"
[   830.595] Warning: config/udev: Adding input device Sleep Button (/dev/input/event1)
[   830.595] Warning: Using input driver 'libinput' for 'Sleep Button'
[   830.596] Warning: event1  - Sleep Button: is tagged by udev as: Keyboard
[   830.596] Warning: event1  - Sleep Button: device is a keyboard
[   830.596] Warning: event1  - Sleep Button: device removed
[   830.609] Warning: XINPUT: Adding extended input device "Sleep Button" (type: KEYBOARD, id 7)
[   830.611] Warning: event1  - Sleep Button: is tagged by udev as: Keyboard
[   830.611] Warning: event1  - Sleep Button: device is a keyboard
[   830.613] Warning: config/udev: removing device ImExPS/2 Generic Explorer Mouse
[   830.614] Warning: event3  - ImExPS/2 Generic Explorer Mouse: device removed
[   830.625] Warning: UnloadModule: "libinput"
[   830.625] Warning: config/udev: Adding input device ImExPS/2 Generic Explorer Mouse (/dev/input/event3)
[   830.625] Warning: Using input driver 'libinput' for 'ImExPS/2 Generic Explorer Mouse'
[   830.627] Warning: event3  - ImExPS/2 Generic Explorer Mouse: is tagged by udev as: Mouse
[   830.627] Warning: event3  - ImExPS/2 Generic Explorer Mouse: device is a pointer
[   830.627] Warning: event3  - ImExPS/2 Generic Explorer Mouse: device removed
[   830.641] Warning: XINPUT: Adding extended input device "ImExPS/2 Generic Explorer Mouse" (type: MOUSE, id 11)
[   830.642] Warning: event3  - ImExPS/2 Generic Explorer Mouse: is tagged by udev as: Mouse
[   830.643] Warning: event3  - ImExPS/2 Generic Explorer Mouse: device is a pointer
[   830.643] Warning: config/udev: removing device VirtualBox USB Tablet
[   830.644] Warning: event4  - VirtualBox USB Tablet: device removed
[   830.668] Warning: UnloadModule: "libinput"
[   830.669] Warning: config/udev: Adding input device VirtualBox USB Tablet (/dev/input/event4)
[   830.669] Warning: Using input driver 'libinput' for 'VirtualBox USB Tablet'
[   830.723] Warning: event4  - VirtualBox USB Tablet: is tagged by udev as: Mouse
[   830.723] Warning: event4  - VirtualBox USB Tablet: device is a pointer
[   830.724] Warning: event4  - VirtualBox USB Tablet: device removed
[   830.750] Warning: XINPUT: Adding extended input device "VirtualBox USB Tablet" (type: MOUSE, id 9)
[   830.806] Warning: event4  - VirtualBox USB Tablet: is tagged by udev as: Mouse
[   830.806] Warning: event4  - VirtualBox USB Tablet: device is a pointer
[   830.807] Warning: config/udev: removing device AT Translated Set 2 keyboard
[   830.807] Warning: event2  - AT Translated Set 2 keyboard: device removed
[   830.812] Warning: UnloadModule: "libinput"
[   830.812] Warning: config/udev: Adding input device AT Translated Set 2 keyboard (/dev/input/event2)
[   830.812] Warning: Using input driver 'libinput' for 'AT Translated Set 2 keyboard'
[   830.813] Warning: event2  - AT Translated Set 2 keyboard: is tagged by udev as: Keyboard
[   830.814] Warning: event2  - AT Translated Set 2 keyboard: device is a keyboard
[   830.814] Warning: event2  - AT Translated Set 2 keyboard: device removed
[   830.817] Warning: XINPUT: Adding extended input device "AT Translated Set 2 keyboard" (type: KEYBOARD, id 10)
[   830.819] Warning: event2  - AT Translated Set 2 keyboard: is tagged by udev as: Keyboard
[   830.819] Warning: event2  - AT Translated Set 2 keyboard: device is a keyboard
[   830.820] Warning: config/udev: Adding input device PC Speaker (/dev/input/event6)
[   830.820] Warning: No input driver specified, ignoring this device.
[   830.820] Warning: This device may have been added with another device file.
[   996.318] Warning: config/udev: removing device Sleep Button
[   996.319] Warning: event1  - Sleep Button: device removed
[   996.325] Warning: UnloadModule: "libinput"
[   996.325] Warning: config/udev: Adding input device Sleep Button (/dev/input/event1)
[   996.325] Warning: Using input driver 'libinput' for 'Sleep Button'
[   996.328] Warning: event1  - Sleep Button: is tagged by udev as: Keyboard
[   996.328] Warning: event1  - Sleep Button: device is a keyboard
[   996.328] Warning: event1  - Sleep Button: device removed
[   996.335] Warning: XINPUT: Adding extended input device "Sleep Button" (type: KEYBOARD, id 7)
[   996.339] Warning: event1  - Sleep Button: is tagged by udev as: Keyboard
[   996.339] Warning: event1  - Sleep Button: device is a keyboard
[   996.350] Warning: config/udev: removing device Video Bus
[   996.350] Warning: event5  - Video Bus: device removed
[   996.372] Warning: UnloadModule: "libinput"
[   996.373] Warning: config/udev: Adding input device Video Bus (/dev/input/event5)
[   996.373] Warning: Using input driver 'libinput' for 'Video Bus'
[   996.399] Warning: event5  - Video Bus: is tagged by udev as: Keyboard
[   996.399] Warning: event5  - Video Bus: device is a keyboard
[   996.399] Warning: event5  - Video Bus: device removed
[   996.426] Warning: XINPUT: Adding extended input device "Video Bus" (type: KEYBOARD, id 8)
[   996.434] Warning: event5  - Video Bus: is tagged by udev as: Keyboard
[   996.434] Warning: event5  - Video Bus: device is a keyboard
[   996.444] Warning: config/udev: removing device Power Button
[   996.444] Warning: event0  - Power Button: device removed
[   996.454] Warning: UnloadModule: "libinput"
[   996.455] Warning: config/udev: Adding input device Power Button (/dev/input/event0)
[   996.455] Warning: Using input driver 'libinput' for 'Power Button'
[   996.456] Warning: event0  - Power Button: is tagged by udev as: Keyboard
[   996.456] Warning: event0  - Power Button: device is a keyboard
[   996.456] Warning: event0  - Power Button: device removed
[   996.515] Warning: XINPUT: Adding extended input device "Power Button" (type: KEYBOARD, id 6)
[   996.522] Warning: event0  - Power Button: is tagged by udev as: Keyboard
[   996.522] Warning: event0  - Power Button: device is a keyboard
[   996.541] Warning: config/udev: Adding input device VirtualBox USB Tablet (/dev/input/js0)
[   996.541] Warning: No input driver specified, ignoring this device.
[   996.541] Warning: This device may have been added with another device file.
[   996.571] Warning: config/udev: Adding input device ImExPS/2 Generic Explorer Mouse (/dev/input/mouse0)
[   996.571] Warning: No input driver specified, ignoring this device.
[   996.571] Warning: This device may have been added with another device file.
[   996.590] Warning: config/udev: Adding input device VirtualBox USB Tablet (/dev/input/mouse1)
[   996.590] Warning: No input driver specified, ignoring this device.
[   996.590] Warning: This device may have been added with another device file.
[   996.590] Warning: config/udev: removing device ImExPS/2 Generic Explorer Mouse
[   996.591] Warning: event3  - ImExPS/2 Generic Explorer Mouse: device removed
[   996.600] Warning: UnloadModule: "libinput"
[   996.601] Warning: config/udev: Adding input device ImExPS/2 Generic Explorer Mouse (/dev/input/event3)
[   996.601] Warning: Using input driver 'libinput' for 'ImExPS/2 Generic Explorer Mouse'
[   996.602] Warning: event3  - ImExPS/2 Generic Explorer Mouse: is tagged by udev as: Mouse
[   996.602] Warning: event3  - ImExPS/2 Generic Explorer Mouse: device is a pointer
[   996.602] Warning: event3  - ImExPS/2 Generic Explorer Mouse: device removed
[   996.611] Warning: XINPUT: Adding extended input device "ImExPS/2 Generic Explorer Mouse" (type: MOUSE, id 11)
[   996.620] Warning: event3  - ImExPS/2 Generic Explorer Mouse: is tagged by udev as: Mouse
[   996.620] Warning: event3  - ImExPS/2 Generic Explorer Mouse: device is a pointer
[   996.634] Warning: config/udev: removing device VirtualBox USB Tablet
[   996.634] Warning: event4  - VirtualBox USB Tablet: device removed
[   996.658] Warning: UnloadModule: "libinput"
[   996.658] Warning: config/udev: Adding input device VirtualBox USB Tablet (/dev/input/event4)
[   996.658] Warning: Using input driver 'libinput' for 'VirtualBox USB Tablet'
[   996.714] Warning: event4  - VirtualBox USB Tablet: is tagged by udev as: Mouse
[   996.715] Warning: event4  - VirtualBox USB Tablet: device is a pointer
[   996.715] Warning: event4  - VirtualBox USB Tablet: device removed
[   996.740] Warning: XINPUT: Adding extended input device "VirtualBox USB Tablet" (type: MOUSE, id 9)
[   996.794] Warning: event4  - VirtualBox USB Tablet: is tagged by udev as: Mouse
[   996.794] Warning: event4  - VirtualBox USB Tablet: device is a pointer
[   996.803] Warning: config/udev: Adding input device PC Speaker (/dev/input/event6)
[   996.803] Warning: No input driver specified, ignoring this device.
[   996.803] Warning: This device may have been added with another device file.
[   996.803] Warning: config/udev: removing device AT Translated Set 2 keyboard
[   996.804] Warning: event2  - AT Translated Set 2 keyboard: device removed
[   996.809] Warning: UnloadModule: "libinput"
[   996.809] Warning: config/udev: Adding input device AT Translated Set 2 keyboard (/dev/input/event2)
[   996.809] Warning: Using input driver 'libinput' for 'AT Translated Set 2 keyboard'
[   996.810] Warning: event2  - AT Translated Set 2 keyboard: is tagged by udev as: Keyboard
[   996.810] Warning: event2  - AT Translated Set 2 keyboard: device is a keyboard
[   996.811] Warning: event2  - AT Translated Set 2 keyboard: device removed
[   996.815] Warning: XINPUT: Adding extended input device "AT Translated Set 2 keyboard" (type: KEYBOARD, id 10)
[   996.817] Warning: event2  - AT Translated Set 2 keyboard: is tagged by udev as: Keyboard
[   996.817] Warning: event2  - AT Translated Set 2 keyboard: device is a keyboard
[    80.167] Information: Failed to open protocol names file /usr/lib64/xorg/protocol.txt
	Information: warning, (EE) error, (NI) not implemented, (??) unknown.
[    85.642] Information: Falling back to old probe method for modesetting
[    85.642] Information: Falling back to old probe method for fbdev
[    86.234] Information: vmware(0): Failed to initialize Gallium3D Xa. No render acceleration available.
[    86.234] Information: vmware(0): Skipped initialization of direct rendering due to lack of render acceleration.
[    86.235] Information: vmware(0): Disabling Xv because no adaptors could be initialized.
